2024-07-31 09:07:01 +06:30 [INF: Microsoft.Hosting.Lifetime] Now listening on: "http://localhost:5249"
2024-07-31 09:07:01 +06:30 [INF: Microsoft.Hosting.Lifetime] Application started. Press Ctrl+C to shut down.
2024-07-31 09:07:01 +06:30 [INF: Microsoft.Hosting.Lifetime] Hosting environment: "Development"
2024-07-31 09:07:01 +06:30 [INF: Microsoft.Hosting.Lifetime] Content root path: "C:\Working\OJT\FinalProject"
2024-07-31 09:11:17 +06:30 [WRN: Microsoft.AspNetCore.HttpsPolicy.HttpsRedirectionMiddleware] Failed to determine the https port for redirect.
2024-07-31 09:11:19 +06:30 [INF: finalproject.Controllers.UserController] Login method called success
2024-07-31 09:11:19 +06:30 [WRN: Microsoft.EntityFrameworkCore.Model.Validation] Sensitive data logging is enabled. Log entries and exception messages may include sensitive application data; this mode should only be enabled during development.
2024-07-31 09:11:42 +06:30 [INF: finalproject.Controllers.UserController] GetUser method called success
2024-07-31 09:12:26 +06:30 [INF: finalproject.Controllers.ExerciseController] GetAllExercises method called
2024-07-31 09:13:21 +06:30 [INF: finalproject.Controllers.UserController] Login method called success
2024-07-31 09:13:42 +06:30 [INF: finalproject.Controllers.UserController] Login method called success
2024-07-31 09:14:57 +06:30 [INF: finalproject.Controllers.UserController] Login method called success
2024-07-31 09:15:04 +06:30 [INF: finalproject.Controllers.UserController] Login method called success
2024-07-31 09:15:43 +06:30 [INF: finalproject.Controllers.UserController] Login method called success
2024-07-31 09:16:16 +06:30 [INF: finalproject.Controllers.UserController] Login method called success
2024-07-31 09:16:27 +06:30 [INF: finalproject.Controllers.ExerciseController] GetStudentGrade method called success
2024-07-31 09:17:33 +06:30 [INF: finalproject.Controllers.UserController] Login method called success
2024-07-31 09:19:27 +06:30 [INF: finalproject.Controllers.UserController] CreateUser method called
2024-07-31 09:20:19 +06:30 [INF: finalproject.Controllers.UserController] GetAllStudents method called success
2024-07-31 09:21:27 +06:30 [INF: finalproject.Controllers.UserController] Login method called success
2024-07-31 09:23:08 +06:30 [INF: finalproject.Controllers.UserController] Login method called success
2024-07-31 09:23:26 +06:30 [INF: finalproject.Controllers.UserController] GetUser method called success
2024-07-31 09:23:57 +06:30 [INF: finalproject.Controllers.UserController] UpdateUser method called success
2024-07-31 09:24:02 +06:30 [INF: finalproject.Controllers.UserController] GetUser method called success
2024-07-31 09:26:29 +06:30 [INF: finalproject.Controllers.UserController] Login method called success
2024-07-31 09:26:37 +06:30 [INF: finalproject.Controllers.UserController] Login method called success
2024-07-31 09:27:09 +06:30 [INF: finalproject.Controllers.UserController] GetUser method called success
2024-07-31 09:29:12 +06:30 [INF: finalproject.Controllers.ExerciseController] GetAllExercises method called
2024-07-31 09:30:38 +06:30 [INF: finalproject.Controllers.UserController] Login method called success
2024-07-31 09:36:43 +06:30 [INF: finalproject.Controllers.UserController] Login method called success
2024-07-31 09:38:15 +06:30 [INF: finalproject.Controllers.ExerciseController] DeleteExercise method called
2024-07-31 09:38:15 +06:30 [ERR: Microsoft.EntityFrameworkCore.Database.Command] Failed executing DbCommand ("25"ms) [Parameters=["@p0='8'"], CommandType='Text', CommandTimeout='30']"
""SET AUTOCOMMIT = 1;
DELETE FROM `exercise`
WHERE `exercise_id` = @p0;
SELECT ROW_COUNT();"
2024-07-31 09:38:35 +06:30 [ERR: Microsoft.EntityFrameworkCore.Database.Connection] An error occurred using the connection to database '"finalprojectdb"' on server '"localhost"'.
2024-07-31 09:38:35 +06:30 [ERR: Microsoft.EntityFrameworkCore.Query] An exception occurred while iterating over the results of a query for context type '"AppDB"'."
""MySqlConnector.MySqlProtocolException: Packet received out-of-order. Expected 1; got 3.
   at MySqlConnector.Protocol.Serialization.ProtocolUtility.ReadPayloadAsync(BufferedByteReader bufferedByteReader, IByteHandler byteHandler, Func`1 getNextSequenceNumber, ArraySegmentHolder`1 previousPayloads, ProtocolErrorBehavior protocolErrorBehavior, IOBehavior ioBehavior) in /_/src/MySqlConnector/Protocol/Serialization/ProtocolUtility.cs:line 448
   at MySqlConnector.Core.ServerSession.ReceiveReplyAsync(IOBehavior ioBehavior, CancellationToken cancellationToken) in /_/src/MySqlConnector/Core/ServerSession.cs:line 874
   at MySqlConnector.Core.ServerSession.TryResetConnectionAsync(ConnectionSettings cs, MySqlConnection connection, IOBehavior ioBehavior, CancellationToken cancellationToken) in /_/src/MySqlConnector/Core/ServerSession.cs:line 586
   at MySqlConnector.Core.ConnectionPool.GetSessionAsync(MySqlConnection connection, Int64 startingTimestamp, Int32 timeoutMilliseconds, Activity activity, IOBehavior ioBehavior, CancellationToken cancellationToken) in /_/src/MySqlConnector/Core/ConnectionPool.cs:line 72
   at MySqlConnector.Core.ConnectionPool.GetSessionAsync(MySqlConnection connection, Int64 startingTimestamp, Int32 timeoutMilliseconds, Activity activity, IOBehavior ioBehavior, CancellationToken cancellationToken) in /_/src/MySqlConnector/Core/ConnectionPool.cs:line 142
   at MySqlConnector.MySqlConnection.CreateSessionAsync(ConnectionPool pool, Int64 startingTimestamp, Activity activity, Nullable`1 ioBehavior, CancellationToken cancellationToken) in /_/src/MySqlConnector/MySqlConnection.cs:line 1056
   at MySqlConnector.MySqlConnection.OpenAsync(Nullable`1 ioBehavior, CancellationToken cancellationToken) in /_/src/MySqlConnector/MySqlConnection.cs:line 556
   at Microsoft.EntityFrameworkCore.Storage.RelationalConnection.OpenInternalAsync(Boolean errorsExpected, CancellationToken cancellationToken)
   at Microsoft.EntityFrameworkCore.Storage.RelationalConnection.OpenInternalAsync(Boolean errorsExpected, CancellationToken cancellationToken)
   at Microsoft.EntityFrameworkCore.Storage.RelationalConnection.OpenAsync(CancellationToken cancellationToken, Boolean errorsExpected)
   at Pomelo.EntityFrameworkCore.MySql.Storage.Internal.MySqlRelationalConnection.OpenAsync(CancellationToken cancellationToken, Boolean errorsExpected)
   at Microsoft.EntityFrameworkCore.Storage.RelationalCommand.ExecuteReaderAsync(RelationalCommandParameterObject parameterObject, CancellationToken cancellationToken)
   at Microsoft.EntityFrameworkCore.Query.Internal.SingleQueryingEnumerable`1.AsyncEnumerator.InitializeReaderAsync(AsyncEnumerator enumerator, CancellationToken cancellationToken)
   at Pomelo.EntityFrameworkCore.MySql.Storage.Internal.MySqlExecutionStrategy.ExecuteAsync[TState,TResult](TState state, Func`4 operation, Func`4 verifySucceeded, CancellationToken cancellationToken)
   at Microsoft.EntityFrameworkCore.Query.Internal.SingleQueryingEnumerable`1.AsyncEnumerator.MoveNextAsync()"
MySqlConnector.MySqlProtocolException: Packet received out-of-order. Expected 1; got 3.
   at MySqlConnector.Protocol.Serialization.ProtocolUtility.ReadPayloadAsync(BufferedByteReader bufferedByteReader, IByteHandler byteHandler, Func`1 getNextSequenceNumber, ArraySegmentHolder`1 previousPayloads, ProtocolErrorBehavior protocolErrorBehavior, IOBehavior ioBehavior) in /_/src/MySqlConnector/Protocol/Serialization/ProtocolUtility.cs:line 448
   at MySqlConnector.Core.ServerSession.ReceiveReplyAsync(IOBehavior ioBehavior, CancellationToken cancellationToken) in /_/src/MySqlConnector/Core/ServerSession.cs:line 874
   at MySqlConnector.Core.ServerSession.TryResetConnectionAsync(ConnectionSettings cs, MySqlConnection connection, IOBehavior ioBehavior, CancellationToken cancellationToken) in /_/src/MySqlConnector/Core/ServerSession.cs:line 586
   at MySqlConnector.Core.ConnectionPool.GetSessionAsync(MySqlConnection connection, Int64 startingTimestamp, Int32 timeoutMilliseconds, Activity activity, IOBehavior ioBehavior, CancellationToken cancellationToken) in /_/src/MySqlConnector/Core/ConnectionPool.cs:line 72
   at MySqlConnector.Core.ConnectionPool.GetSessionAsync(MySqlConnection connection, Int64 startingTimestamp, Int32 timeoutMilliseconds, Activity activity, IOBehavior ioBehavior, CancellationToken cancellationToken) in /_/src/MySqlConnector/Core/ConnectionPool.cs:line 142
   at MySqlConnector.MySqlConnection.CreateSessionAsync(ConnectionPool pool, Int64 startingTimestamp, Activity activity, Nullable`1 ioBehavior, CancellationToken cancellationToken) in /_/src/MySqlConnector/MySqlConnection.cs:line 1056
   at MySqlConnector.MySqlConnection.OpenAsync(Nullable`1 ioBehavior, CancellationToken cancellationToken) in /_/src/MySqlConnector/MySqlConnection.cs:line 556
   at Microsoft.EntityFrameworkCore.Storage.RelationalConnection.OpenInternalAsync(Boolean errorsExpected, CancellationToken cancellationToken)
   at Microsoft.EntityFrameworkCore.Storage.RelationalConnection.OpenInternalAsync(Boolean errorsExpected, CancellationToken cancellationToken)
   at Microsoft.EntityFrameworkCore.Storage.RelationalConnection.OpenAsync(CancellationToken cancellationToken, Boolean errorsExpected)
   at Pomelo.EntityFrameworkCore.MySql.Storage.Internal.MySqlRelationalConnection.OpenAsync(CancellationToken cancellationToken, Boolean errorsExpected)
   at Microsoft.EntityFrameworkCore.Storage.RelationalCommand.ExecuteReaderAsync(RelationalCommandParameterObject parameterObject, CancellationToken cancellationToken)
   at Microsoft.EntityFrameworkCore.Query.Internal.SingleQueryingEnumerable`1.AsyncEnumerator.InitializeReaderAsync(AsyncEnumerator enumerator, CancellationToken cancellationToken)
   at Pomelo.EntityFrameworkCore.MySql.Storage.Internal.MySqlExecutionStrategy.ExecuteAsync[TState,TResult](TState state, Func`4 operation, Func`4 verifySucceeded, CancellationToken cancellationToken)
   at Microsoft.EntityFrameworkCore.Query.Internal.SingleQueryingEnumerable`1.AsyncEnumerator.MoveNextAsync()
2024-07-31 09:38:35 +06:30 [ERR: Microsoft.AspNetCore.Diagnostics.DeveloperExceptionPageMiddleware] An unhandled exception has occurred while executing the request.
MySqlConnector.MySqlProtocolException: Packet received out-of-order. Expected 1; got 3.
   at MySqlConnector.Protocol.Serialization.ProtocolUtility.ReadPayloadAsync(BufferedByteReader bufferedByteReader, IByteHandler byteHandler, Func`1 getNextSequenceNumber, ArraySegmentHolder`1 previousPayloads, ProtocolErrorBehavior protocolErrorBehavior, IOBehavior ioBehavior) in /_/src/MySqlConnector/Protocol/Serialization/ProtocolUtility.cs:line 448
   at MySqlConnector.Core.ServerSession.ReceiveReplyAsync(IOBehavior ioBehavior, CancellationToken cancellationToken) in /_/src/MySqlConnector/Core/ServerSession.cs:line 874
   at MySqlConnector.Core.ServerSession.TryResetConnectionAsync(ConnectionSettings cs, MySqlConnection connection, IOBehavior ioBehavior, CancellationToken cancellationToken) in /_/src/MySqlConnector/Core/ServerSession.cs:line 586
   at MySqlConnector.Core.ConnectionPool.GetSessionAsync(MySqlConnection connection, Int64 startingTimestamp, Int32 timeoutMilliseconds, Activity activity, IOBehavior ioBehavior, CancellationToken cancellationToken) in /_/src/MySqlConnector/Core/ConnectionPool.cs:line 72
   at MySqlConnector.Core.ConnectionPool.GetSessionAsync(MySqlConnection connection, Int64 startingTimestamp, Int32 timeoutMilliseconds, Activity activity, IOBehavior ioBehavior, CancellationToken cancellationToken) in /_/src/MySqlConnector/Core/ConnectionPool.cs:line 142
   at MySqlConnector.MySqlConnection.CreateSessionAsync(ConnectionPool pool, Int64 startingTimestamp, Activity activity, Nullable`1 ioBehavior, CancellationToken cancellationToken) in /_/src/MySqlConnector/MySqlConnection.cs:line 1056
   at MySqlConnector.MySqlConnection.OpenAsync(Nullable`1 ioBehavior, CancellationToken cancellationToken) in /_/src/MySqlConnector/MySqlConnection.cs:line 556
   at Microsoft.EntityFrameworkCore.Storage.RelationalConnection.OpenInternalAsync(Boolean errorsExpected, CancellationToken cancellationToken)
   at Microsoft.EntityFrameworkCore.Storage.RelationalConnection.OpenInternalAsync(Boolean errorsExpected, CancellationToken cancellationToken)
   at Microsoft.EntityFrameworkCore.Storage.RelationalConnection.OpenAsync(CancellationToken cancellationToken, Boolean errorsExpected)
   at Pomelo.EntityFrameworkCore.MySql.Storage.Internal.MySqlRelationalConnection.OpenAsync(CancellationToken cancellationToken, Boolean errorsExpected)
   at Microsoft.EntityFrameworkCore.Storage.RelationalCommand.ExecuteReaderAsync(RelationalCommandParameterObject parameterObject, CancellationToken cancellationToken)
   at Microsoft.EntityFrameworkCore.Query.Internal.SingleQueryingEnumerable`1.AsyncEnumerator.InitializeReaderAsync(AsyncEnumerator enumerator, CancellationToken cancellationToken)
   at Pomelo.EntityFrameworkCore.MySql.Storage.Internal.MySqlExecutionStrategy.ExecuteAsync[TState,TResult](TState state, Func`4 operation, Func`4 verifySucceeded, CancellationToken cancellationToken)
   at Microsoft.EntityFrameworkCore.Query.Internal.SingleQueryingEnumerable`1.AsyncEnumerator.MoveNextAsync()
   at Microsoft.EntityFrameworkCore.Query.ShapedQueryCompilingExpressionVisitor.SingleOrDefaultAsync[TSource](IAsyncEnumerable`1 asyncEnumerable, CancellationToken cancellationToken)
   at Microsoft.EntityFrameworkCore.Query.ShapedQueryCompilingExpressionVisitor.SingleOrDefaultAsync[TSource](IAsyncEnumerable`1 asyncEnumerable, CancellationToken cancellationToken)
   at finalproject.Repositories.RepositoryBase`1.FindByID(Int32 id) in C:\Working\OJT\FinalProject\Repositories\RepositoryBase.cs:line 25
   at finalproject.CustomMiddleware.AuthorizeUserMiddleware.InvokeAsync(HttpContext context, RequestDelegate next) in C:\Working\OJT\FinalProject\CustomMiddleware\AuthorizedUserMiddleware.cs:line 31
   at Microsoft.AspNetCore.Builder.UseMiddlewareExtensions.InterfaceMiddlewareBinder.<>c__DisplayClass2_0.<<CreateMiddleware>b__0>d.MoveNext()
--- End of stack trace from previous location ---
   at Microsoft.AspNetCore.Authorization.AuthorizationMiddleware.Invoke(HttpContext context)
   at Microsoft.AspNetCore.Authentication.AuthenticationMiddleware.Invoke(HttpContext context)
   at Swashbuckle.AspNetCore.SwaggerUI.SwaggerUIMiddleware.Invoke(HttpContext httpContext)
   at Swashbuckle.AspNetCore.Swagger.SwaggerMiddleware.Invoke(HttpContext httpContext, ISwaggerProvider swaggerProvider)
   at Microsoft.AspNetCore.Diagnostics.DeveloperExceptionPageMiddlewareImpl.Invoke(HttpContext context)
2024-07-31 09:38:49 +06:30 [INF: finalproject.Controllers.ExerciseController] GetAllExercises method called
2024-07-31 09:40:38 +06:30 [INF: finalproject.Controllers.UserController] Login method called success
2024-07-31 09:40:59 +06:30 [INF: finalproject.Controllers.UserController] GetAllStudents method called success
2024-07-31 09:41:29 +06:30 [INF: finalproject.Controllers.ExerciseController] ExerciseAssign method called
2024-07-31 09:44:07 +06:30 [INF: finalproject.Controllers.UserController] Login method called success
2024-07-31 09:46:30 +06:30 [INF: Microsoft.Hosting.Lifetime] Application is shutting down...
2024-07-31 09:46:50 +06:30 [INF: Microsoft.Hosting.Lifetime] Now listening on: "http://localhost:5249"
2024-07-31 09:46:50 +06:30 [INF: Microsoft.Hosting.Lifetime] Application started. Press Ctrl+C to shut down.
2024-07-31 09:46:50 +06:30 [INF: Microsoft.Hosting.Lifetime] Hosting environment: "Development"
2024-07-31 09:46:50 +06:30 [INF: Microsoft.Hosting.Lifetime] Content root path: "C:\Working\OJT\FinalProject"
2024-07-31 09:47:05 +06:30 [WRN: Microsoft.AspNetCore.HttpsPolicy.HttpsRedirectionMiddleware] Failed to determine the https port for redirect.
2024-07-31 09:47:06 +06:30 [INF: finalproject.Controllers.UserController] Login method called success
2024-07-31 09:47:07 +06:30 [WRN: Microsoft.EntityFrameworkCore.Model.Validation] Sensitive data logging is enabled. Log entries and exception messages may include sensitive application data; this mode should only be enabled during development.
2024-07-31 09:47:21 +06:30 [INF: finalproject.Controllers.ExerciseController] StudentDetail method called success
2024-07-31 09:50:12 +06:30 [INF: finalproject.Controllers.UserController] Login method called success
2024-07-31 09:51:08 +06:30 [INF: finalproject.Controllers.UserController] GetUser method called success
2024-07-31 09:52:40 +06:30 [INF: finalproject.Controllers.UserController] Login method called success
2024-07-31 09:52:53 +06:30 [INF: finalproject.Controllers.ExerciseController] GetStudentGrade method called success
2024-07-31 11:03:18 +06:30 [INF: finalproject.Controllers.UserController] Login method called success
2024-07-31 11:03:45 +06:30 [INF: finalproject.Controllers.ExerciseController] GetAllExercises method called
2024-07-31 11:06:46 +06:30 [INF: finalproject.Controllers.UserController] Login method called success
2024-07-31 11:07:01 +06:30 [INF: finalproject.Controllers.ExerciseController] GetAllExercises method called
