2024-08-17 17:45:37 +06:30 [INF: Microsoft.Hosting.Lifetime] Now listening on: "http://localhost:5249"
2024-08-17 17:45:37 +06:30 [INF: Microsoft.Hosting.Lifetime] Application started. Press Ctrl+C to shut down.
2024-08-17 17:45:37 +06:30 [INF: Microsoft.Hosting.Lifetime] Hosting environment: "Development"
2024-08-17 17:45:37 +06:30 [INF: Microsoft.Hosting.Lifetime] Content root path: "C:\Working\OJT\FinalProject"
2024-08-17 17:45:46 +06:30 [WRN: Microsoft.AspNetCore.HttpsPolicy.HttpsRedirectionMiddleware] Failed to determine the https port for redirect.
2024-08-17 17:47:47 +06:30 [INF: Microsoft.Hosting.Lifetime] Application is shutting down...
2024-08-17 17:47:55 +06:30 [INF: Microsoft.Hosting.Lifetime] Now listening on: "http://localhost:5249"
2024-08-17 17:47:55 +06:30 [INF: Microsoft.Hosting.Lifetime] Application started. Press Ctrl+C to shut down.
2024-08-17 17:47:55 +06:30 [INF: Microsoft.Hosting.Lifetime] Hosting environment: "Development"
2024-08-17 17:47:55 +06:30 [INF: Microsoft.Hosting.Lifetime] Content root path: "C:\Working\OJT\FinalProject"
2024-08-17 17:58:16 +06:30 [INF: Microsoft.Hosting.Lifetime] Application is shutting down...
2024-08-17 17:58:32 +06:30 [INF: Microsoft.Hosting.Lifetime] Now listening on: "http://localhost:5249"
2024-08-17 17:58:32 +06:30 [INF: Microsoft.Hosting.Lifetime] Application started. Press Ctrl+C to shut down.
2024-08-17 17:58:32 +06:30 [INF: Microsoft.Hosting.Lifetime] Hosting environment: "Development"
2024-08-17 17:58:32 +06:30 [INF: Microsoft.Hosting.Lifetime] Content root path: "C:\Working\OJT\FinalProject"
2024-08-17 18:00:57 +06:30 [INF: Microsoft.Hosting.Lifetime] Application is shutting down...
2024-08-17 18:01:07 +06:30 [INF: Microsoft.Hosting.Lifetime] Now listening on: "http://localhost:5249"
2024-08-17 18:01:07 +06:30 [INF: Microsoft.Hosting.Lifetime] Application started. Press Ctrl+C to shut down.
2024-08-17 18:01:07 +06:30 [INF: Microsoft.Hosting.Lifetime] Hosting environment: "Development"
2024-08-17 18:01:07 +06:30 [INF: Microsoft.Hosting.Lifetime] Content root path: "C:\Working\OJT\FinalProject"
2024-08-17 18:01:29 +06:30 [WRN: Microsoft.AspNetCore.HttpsPolicy.HttpsRedirectionMiddleware] Failed to determine the https port for redirect.
2024-08-17 18:01:29 +06:30 [INF: finalproject.Controllers.UserController] Login method called success
2024-08-17 18:01:30 +06:30 [WRN: Microsoft.EntityFrameworkCore.Model.Validation] Sensitive data logging is enabled. Log entries and exception messages may include sensitive application data; this mode should only be enabled during development.
2024-08-17 18:08:59 +06:30 [INF: Microsoft.Hosting.Lifetime] Application is shutting down...
2024-08-17 18:09:08 +06:30 [INF: Microsoft.Hosting.Lifetime] Now listening on: "http://localhost:5249"
2024-08-17 18:09:08 +06:30 [INF: Microsoft.Hosting.Lifetime] Application started. Press Ctrl+C to shut down.
2024-08-17 18:09:08 +06:30 [INF: Microsoft.Hosting.Lifetime] Hosting environment: "Development"
2024-08-17 18:09:08 +06:30 [INF: Microsoft.Hosting.Lifetime] Content root path: "C:\Working\OJT\FinalProject"
2024-08-17 18:09:19 +06:30 [WRN: Microsoft.AspNetCore.HttpsPolicy.HttpsRedirectionMiddleware] Failed to determine the https port for redirect.
2024-08-17 20:15:46 +06:30 [INF: Microsoft.Hosting.Lifetime] Application is shutting down...
2024-08-17 20:16:14 +06:30 [INF: Microsoft.Hosting.Lifetime] Now listening on: "http://localhost:5249"
2024-08-17 20:16:15 +06:30 [INF: Microsoft.Hosting.Lifetime] Application started. Press Ctrl+C to shut down.
2024-08-17 20:16:15 +06:30 [INF: Microsoft.Hosting.Lifetime] Hosting environment: "Development"
2024-08-17 20:16:15 +06:30 [INF: Microsoft.Hosting.Lifetime] Content root path: "C:\Working\OJT\FinalProject"
2024-08-17 20:20:31 +06:30 [INF: Microsoft.Hosting.Lifetime] Application is shutting down...
2024-08-17 20:20:41 +06:30 [INF: Microsoft.Hosting.Lifetime] Now listening on: "http://localhost:5249"
2024-08-17 20:20:41 +06:30 [INF: Microsoft.Hosting.Lifetime] Application started. Press Ctrl+C to shut down.
2024-08-17 20:20:41 +06:30 [INF: Microsoft.Hosting.Lifetime] Hosting environment: "Development"
2024-08-17 20:20:41 +06:30 [INF: Microsoft.Hosting.Lifetime] Content root path: "C:\Working\OJT\FinalProject"
