2024-07-27 20:01:56 +06:30 [INF: Microsoft.Hosting.Lifetime] Now listening on: "http://localhost:5249"
2024-07-27 20:01:57 +06:30 [INF: Microsoft.Hosting.Lifetime] Application started. Press Ctrl+C to shut down.
2024-07-27 20:01:57 +06:30 [INF: Microsoft.Hosting.Lifetime] Hosting environment: "Development"
2024-07-27 20:01:57 +06:30 [INF: Microsoft.Hosting.Lifetime] Content root path: "C:\Working\OJT\FinalProject"
2024-07-27 20:02:02 +06:30 [WRN: Microsoft.AspNetCore.HttpsPolicy.HttpsRedirectionMiddleware] Failed to determine the https port for redirect.
2024-07-27 20:02:03 +06:30 [INF: finalproject.Controllers.ExerciseController] StudentDetail method called success
2024-07-27 20:02:04 +06:30 [WRN: Microsoft.EntityFrameworkCore.Model.Validation] Sensitive data logging is enabled. Log entries and exception messages may include sensitive application data; this mode should only be enabled during development.
2024-07-27 20:12:33 +06:30 [INF: Microsoft.Hosting.Lifetime] Application is shutting down...
2024-07-27 20:12:48 +06:30 [INF: Microsoft.Hosting.Lifetime] Now listening on: "http://localhost:5249"
2024-07-27 20:12:48 +06:30 [INF: Microsoft.Hosting.Lifetime] Application started. Press Ctrl+C to shut down.
2024-07-27 20:12:48 +06:30 [INF: Microsoft.Hosting.Lifetime] Hosting environment: "Development"
2024-07-27 20:12:48 +06:30 [INF: Microsoft.Hosting.Lifetime] Content root path: "C:\Working\OJT\FinalProject"
2024-07-27 20:12:57 +06:30 [WRN: Microsoft.AspNetCore.HttpsPolicy.HttpsRedirectionMiddleware] Failed to determine the https port for redirect.
2024-07-27 20:25:40 +06:30 [INF: Microsoft.Hosting.Lifetime] Application is shutting down...
2024-07-27 20:25:52 +06:30 [INF: Microsoft.Hosting.Lifetime] Now listening on: "http://localhost:5249"
2024-07-27 20:25:52 +06:30 [INF: Microsoft.Hosting.Lifetime] Application started. Press Ctrl+C to shut down.
2024-07-27 20:25:52 +06:30 [INF: Microsoft.Hosting.Lifetime] Hosting environment: "Development"
2024-07-27 20:25:52 +06:30 [INF: Microsoft.Hosting.Lifetime] Content root path: "C:\Working\OJT\FinalProject"
2024-07-27 20:27:14 +06:30 [WRN: Microsoft.AspNetCore.HttpsPolicy.HttpsRedirectionMiddleware] Failed to determine the https port for redirect.
2024-07-27 20:27:15 +06:30 [INF: finalproject.Controllers.ExerciseController] StudentDetail method called success
2024-07-27 20:27:15 +06:30 [WRN: Microsoft.EntityFrameworkCore.Model.Validation] Sensitive data logging is enabled. Log entries and exception messages may include sensitive application data; this mode should only be enabled during development.
2024-07-27 20:28:34 +06:30 [INF: finalproject.Controllers.ExerciseController] StudentDetail method called success
2024-07-27 20:29:03 +06:30 [INF: finalproject.Controllers.ExerciseController] GetAllExercises method called
2024-07-27 20:29:15 +06:30 [INF: finalproject.Controllers.ExerciseController] GetAllExercises method called
2024-07-27 20:32:58 +06:30 [INF: finalproject.Controllers.UserController] GetAllStudents method called success
2024-07-27 20:33:33 +06:30 [INF: finalproject.Controllers.UserController] GetAllStudents method called success
2024-07-27 20:34:16 +06:30 [INF: Microsoft.Hosting.Lifetime] Application is shutting down...
2024-07-27 20:35:03 +06:30 [INF: Microsoft.Hosting.Lifetime] Now listening on: "http://localhost:5249"
2024-07-27 20:35:04 +06:30 [INF: Microsoft.Hosting.Lifetime] Application started. Press Ctrl+C to shut down.
2024-07-27 20:35:04 +06:30 [INF: Microsoft.Hosting.Lifetime] Hosting environment: "Development"
2024-07-27 20:35:04 +06:30 [INF: Microsoft.Hosting.Lifetime] Content root path: "C:\Working\OJT\FinalProject"
2024-07-27 20:35:04 +06:30 [WRN: Microsoft.AspNetCore.HttpsPolicy.HttpsRedirectionMiddleware] Failed to determine the https port for redirect.
2024-07-27 20:35:05 +06:30 [INF: finalproject.Controllers.UserController] Login method called success
2024-07-27 20:35:06 +06:30 [WRN: Microsoft.EntityFrameworkCore.Model.Validation] Sensitive data logging is enabled. Log entries and exception messages may include sensitive application data; this mode should only be enabled during development.
2024-07-27 20:35:45 +06:30 [INF: finalproject.Controllers.UserController] GetAllStudents method called success
2024-07-27 20:38:04 +06:30 [INF: Microsoft.Hosting.Lifetime] Application is shutting down...
2024-07-27 20:38:11 +06:30 [INF: Microsoft.Hosting.Lifetime] Now listening on: "http://localhost:5249"
2024-07-27 20:38:12 +06:30 [INF: Microsoft.Hosting.Lifetime] Application started. Press Ctrl+C to shut down.
2024-07-27 20:38:12 +06:30 [INF: Microsoft.Hosting.Lifetime] Hosting environment: "Development"
2024-07-27 20:38:12 +06:30 [INF: Microsoft.Hosting.Lifetime] Content root path: "C:\Working\OJT\FinalProject"
2024-07-27 20:38:28 +06:30 [WRN: Microsoft.AspNetCore.HttpsPolicy.HttpsRedirectionMiddleware] Failed to determine the https port for redirect.
2024-07-27 20:38:29 +06:30 [INF: finalproject.Controllers.UserController] Login method called success
2024-07-27 20:38:29 +06:30 [WRN: Microsoft.EntityFrameworkCore.Model.Validation] Sensitive data logging is enabled. Log entries and exception messages may include sensitive application data; this mode should only be enabled during development.
2024-07-27 20:39:10 +06:30 [INF: finalproject.Controllers.ExerciseController] GetAllExercises method called
2024-07-27 20:43:30 +06:30 [INF: Microsoft.Hosting.Lifetime] Application is shutting down...
2024-07-27 20:43:37 +06:30 [INF: Microsoft.Hosting.Lifetime] Now listening on: "http://localhost:5249"
2024-07-27 20:43:37 +06:30 [INF: Microsoft.Hosting.Lifetime] Application started. Press Ctrl+C to shut down.
2024-07-27 20:43:37 +06:30 [INF: Microsoft.Hosting.Lifetime] Hosting environment: "Development"
2024-07-27 20:43:37 +06:30 [INF: Microsoft.Hosting.Lifetime] Content root path: "C:\Working\OJT\FinalProject"
2024-07-27 21:56:44 +06:30 [INF: Microsoft.Hosting.Lifetime] Application is shutting down...
2024-07-27 21:57:41 +06:30 [INF: Microsoft.Hosting.Lifetime] Now listening on: "http://localhost:5249"
2024-07-27 21:57:41 +06:30 [INF: Microsoft.Hosting.Lifetime] Application started. Press Ctrl+C to shut down.
2024-07-27 21:57:41 +06:30 [INF: Microsoft.Hosting.Lifetime] Hosting environment: "Development"
2024-07-27 21:57:41 +06:30 [INF: Microsoft.Hosting.Lifetime] Content root path: "C:\Working\OJT\FinalProject"
2024-07-27 21:57:45 +06:30 [WRN: Microsoft.AspNetCore.HttpsPolicy.HttpsRedirectionMiddleware] Failed to determine the https port for redirect.
2024-07-27 21:57:45 +06:30 [INF: finalproject.Controllers.UserController] Login method called success
2024-07-27 21:57:46 +06:30 [WRN: Microsoft.EntityFrameworkCore.Model.Validation] Sensitive data logging is enabled. Log entries and exception messages may include sensitive application data; this mode should only be enabled during development.
2024-07-27 21:58:41 +06:30 [INF: finalproject.Controllers.ExerciseController] StudentDetail method called success
2024-07-27 21:59:25 +06:30 [INF: finalproject.Controllers.ExerciseController] StudentDetail method called success
2024-07-27 22:00:57 +06:30 [INF: finalproject.Controllers.UserController] Login method called success
2024-07-27 22:01:22 +06:30 [INF: finalproject.Controllers.ExerciseController] StudentDetail method called success
2024-07-27 22:02:35 +06:30 [INF: finalproject.Controllers.UserController] Login method called success
2024-07-27 22:02:47 +06:30 [INF: finalproject.Controllers.ExerciseController] StudentDetail method called success
2024-07-27 22:03:39 +06:30 [INF: finalproject.Controllers.UserController] Login method called success
2024-07-27 22:04:04 +06:30 [INF: finalproject.Controllers.UserController] Login method called success
2024-07-27 22:04:16 +06:30 [INF: finalproject.Controllers.ExerciseController] StudentDetail method called success
2024-07-27 22:05:58 +06:30 [INF: Microsoft.Hosting.Lifetime] Application is shutting down...
2024-07-27 22:09:04 +06:30 [INF: Microsoft.Hosting.Lifetime] Now listening on: "http://localhost:5249"
2024-07-27 22:09:05 +06:30 [INF: Microsoft.Hosting.Lifetime] Application started. Press Ctrl+C to shut down.
2024-07-27 22:09:05 +06:30 [INF: Microsoft.Hosting.Lifetime] Hosting environment: "Development"
2024-07-27 22:09:05 +06:30 [INF: Microsoft.Hosting.Lifetime] Content root path: "C:\Working\OJT\FinalProject"
2024-07-27 22:27:24 +06:30 [WRN: Microsoft.AspNetCore.HttpsPolicy.HttpsRedirectionMiddleware] Failed to determine the https port for redirect.
2024-07-27 22:33:57 +06:30 [INF: Microsoft.Hosting.Lifetime] Application is shutting down...
2024-07-27 22:34:55 +06:30 [INF: Microsoft.Hosting.Lifetime] Now listening on: "http://localhost:5249"
2024-07-27 22:34:55 +06:30 [INF: Microsoft.Hosting.Lifetime] Application started. Press Ctrl+C to shut down.
2024-07-27 22:34:55 +06:30 [INF: Microsoft.Hosting.Lifetime] Hosting environment: "Development"
2024-07-27 22:34:55 +06:30 [INF: Microsoft.Hosting.Lifetime] Content root path: "C:\Working\OJT\FinalProject"
2024-07-27 22:34:59 +06:30 [WRN: Microsoft.AspNetCore.HttpsPolicy.HttpsRedirectionMiddleware] Failed to determine the https port for redirect.
2024-07-27 22:35:00 +06:30 [INF: finalproject.Controllers.UserController] Login method called success
2024-07-27 22:35:01 +06:30 [WRN: Microsoft.EntityFrameworkCore.Model.Validation] Sensitive data logging is enabled. Log entries and exception messages may include sensitive application data; this mode should only be enabled during development.
2024-07-27 22:36:29 +06:30 [INF: Microsoft.Hosting.Lifetime] Application is shutting down...
